{"/home/matthieu/Dev/React/Project/memory/src/App.js": {"path":"/home/matthieu/Dev/React/Project/memory/src/App.js","statementMap":{"0":{"start":{"line":9,"column":13},"end":{"line":9,"column":14}},"1":{"start":{"line":10,"column":16},"end":{"line":10,"column":54}},"2":{"start":{"line":11,"column":27},"end":{"line":11,"column":30}},"3":{"start":{"line":15,"column":8},"end":{"line":21,"column":1}},"4":{"start":{"line":23,"column":20},"end":{"line":25,"column":1}},"5":{"start":{"line":24,"column":2},"end":{"line":24,"column":31}},"6":{"start":{"line":28,"column":75},"end":{"line":28,"column":85}},"7":{"start":{"line":30,"column":19},"end":{"line":30,"column":42}},"8":{"start":{"line":31,"column":22},"end":{"line":31,"column":33}},"9":{"start":{"line":32,"column":19},"end":{"line":32,"column":58}},"10":{"start":{"line":33,"column":3},"end":{"line":33,"column":63}},"11":{"start":{"line":34,"column":3},"end":{"line":36,"column":4}},"12":{"start":{"line":35,"column":5},"end":{"line":35,"column":79}},"13":{"start":{"line":37,"column":3},"end":{"line":37,"column":75}},"14":{"start":{"line":37,"column":20},"end":{"line":37,"column":54}},"15":{"start":{"line":41,"column":46},"end":{"line":41,"column":56}},"16":{"start":{"line":42,"column":23},"end":{"line":42,"column":57}},"17":{"start":{"line":44,"column":2},"end":{"line":46,"column":3}},"18":{"start":{"line":45,"column":4},"end":{"line":45,"column":74}},"19":{"start":{"line":48,"column":2},"end":{"line":50,"column":3}},"20":{"start":{"line":49,"column":4},"end":{"line":49,"column":58}},"21":{"start":{"line":52,"column":2},"end":{"line":52,"column":44}},"22":{"start":{"line":56,"column":19},"end":{"line":56,"column":21}},"23":{"start":{"line":57,"column":17},"end":{"line":57,"column":28}},"24":{"start":{"line":58,"column":23},"end":{"line":58,"column":39}},"25":{"start":{"line":59,"column":4},"end":{"line":62,"column":5}},"26":{"start":{"line":60,"column":19},"end":{"line":60,"column":35}},"27":{"start":{"line":61,"column":6},"end":{"line":61,"column":29}},"28":{"start":{"line":63,"column":4},"end":{"line":63,"column":26}},"29":{"start":{"line":66,"column":20},"end":{"line":79,"column":3}},"30":{"start":{"line":67,"column":28},"end":{"line":67,"column":38}},"31":{"start":{"line":69,"column":4},"end":{"line":71,"column":5}},"32":{"start":{"line":70,"column":6},"end":{"line":70,"column":12}},"33":{"start":{"line":73,"column":4},"end":{"line":76,"column":5}},"34":{"start":{"line":74,"column":6},"end":{"line":74,"column":45}},"35":{"start":{"line":75,"column":6},"end":{"line":75,"column":12}},"36":{"start":{"line":78,"column":4},"end":{"line":78,"column":37}},"37":{"start":{"line":87,"column":62},"end":{"line":87,"column":72}},"38":{"start":{"line":88,"column":16},"end":{"line":88,"column":58}},"39":{"start":{"line":89,"column":4},"end":{"line":110,"column":5}},"40":{"start":{"line":93,"column":12},"end":{"line":99,"column":14}}},"fnMap":{"0":{"name":"(anonymous_0)","decl":{"start":{"line":23,"column":20},"end":{"line":23,"column":21}},"loc":{"start":{"line":23,"column":36},"end":{"line":25,"column":1}},"line":23},"1":{"name":"(anonymous_1)","decl":{"start":{"line":27,"column":0},"end":{"line":27,"column":1}},"loc":{"start":{"line":27,"column":29},"end":{"line":38,"column":2}},"line":27},"2":{"name":"(anonymous_2)","decl":{"start":{"line":37,"column":14},"end":{"line":37,"column":15}},"loc":{"start":{"line":37,"column":20},"end":{"line":37,"column":54}},"line":37},"3":{"name":"(anonymous_3)","decl":{"start":{"line":40,"column":0},"end":{"line":40,"column":1}},"loc":{"start":{"line":40,"column":26},"end":{"line":53,"column":1}},"line":40},"4":{"name":"(anonymous_4)","decl":{"start":{"line":55,"column":0},"end":{"line":55,"column":1}},"loc":{"start":{"line":55,"column":16},"end":{"line":64,"column":3}},"line":55},"5":{"name":"(anonymous_5)","decl":{"start":{"line":66,"column":20},"end":{"line":66,"column":21}},"loc":{"start":{"line":66,"column":29},"end":{"line":79,"column":3}},"line":66},"6":{"name":"(anonymous_6)","decl":{"start":{"line":86,"column":2},"end":{"line":86,"column":3}},"loc":{"start":{"line":86,"column":11},"end":{"line":111,"column":3}},"line":86},"7":{"name":"(anonymous_7)","decl":{"start":{"line":92,"column":21},"end":{"line":92,"column":22}},"loc":{"start":{"line":93,"column":12},"end":{"line":99,"column":14}},"line":93}},"branchMap":{"0":{"loc":{"start":{"line":34,"column":3},"end":{"line":36,"column":4}},"type":"if","locations":[{"start":{"line":34,"column":3},"end":{"line":36,"column":4}},{"start":{"line":34,"column":3},"end":{"line":36,"column":4}}],"line":34},"1":{"loc":{"start":{"line":44,"column":2},"end":{"line":46,"column":3}},"type":"if","locations":[{"start":{"line":44,"column":2},"end":{"line":46,"column":3}},{"start":{"line":44,"column":2},"end":{"line":46,"column":3}}],"line":44},"2":{"loc":{"start":{"line":45,"column":11},"end":{"line":45,"column":74}},"type":"cond-expr","locations":[{"start":{"line":45,"column":54},"end":{"line":45,"column":63}},{"start":{"line":45,"column":66},"end":{"line":45,"column":74}}],"line":45},"3":{"loc":{"start":{"line":45,"column":11},"end":{"line":45,"column":51}},"type":"binary-expr","locations":[{"start":{"line":45,"column":11},"end":{"line":45,"column":23}},{"start":{"line":45,"column":27},"end":{"line":45,"column":51}}],"line":45},"4":{"loc":{"start":{"line":48,"column":2},"end":{"line":50,"column":3}},"type":"if","locations":[{"start":{"line":48,"column":2},"end":{"line":50,"column":3}},{"start":{"line":48,"column":2},"end":{"line":50,"column":3}}],"line":48},"5":{"loc":{"start":{"line":49,"column":11},"end":{"line":49,"column":58}},"type":"cond-expr","locations":[{"start":{"line":49,"column":26},"end":{"line":49,"column":39}},{"start":{"line":49,"column":42},"end":{"line":49,"column":58}}],"line":49},"6":{"loc":{"start":{"line":52,"column":9},"end":{"line":52,"column":44}},"type":"cond-expr","locations":[{"start":{"line":52,"column":24},"end":{"line":52,"column":33}},{"start":{"line":52,"column":36},"end":{"line":52,"column":44}}],"line":52},"7":{"loc":{"start":{"line":69,"column":4},"end":{"line":71,"column":5}},"type":"if","locations":[{"start":{"line":69,"column":4},"end":{"line":71,"column":5}},{"start":{"line":69,"column":4},"end":{"line":71,"column":5}}],"line":69},"8":{"loc":{"start":{"line":73,"column":4},"end":{"line":76,"column":5}},"type":"if","locations":[{"start":{"line":73,"column":4},"end":{"line":76,"column":5}},{"start":{"line":73,"column":4},"end":{"line":76,"column":5}}],"line":73},"9":{"loc":{"start":{"line":102,"column":10},"end":{"line":107,"column":14}},"type":"binary-expr","locations":[{"start":{"line":102,"column":10},"end":{"line":102,"column":13}},{"start":{"line":103,"column":13},"end":{"line":107,"column":13}}],"line":102},"10":{"loc":{"start":{"line":103,"column":13},"end":{"line":107,"column":13}},"type":"cond-expr","locations":[{"start":{"line":104,"column":14},"end":{"line":104,"column":49}},{"start":{"line":106,"column":14},"end":{"line":106,"column":84}}],"line":103}},"s":{"0":1,"1":1,"2":1,"3":1,"4":1,"5":0,"6":0,"7":0,"8":0,"9":0,"10":0,"11":0,"12":0,"13":0,"14":0,"15":36,"16":36,"17":36,"18":36,"19":0,"20":0,"21":0,"22":1,"23":1,"24":1,"25":1,"26":18,"27":18,"28":1,"29":1,"30":0,"31":0,"32":0,"33":0,"34":0,"35":0,"36":0,"37":1,"38":1,"39":1,"40":36},"f":{"0":0,"1":0,"2":0,"3":36,"4":1,"5":0,"6":1,"7":36},"b":{"0":[0,0],"1":[36,0],"2":[0,36],"3":[36,36],"4":[0,0],"5":[0,0],"6":[0,0],"7":[0,0],"8":[0,0],"9":[1,0],"10":[0,0]},"_coverageSchema":"1a1c01bbd47fc00a2c39e90264f33305004495a9","hash":"104c615ca83c7eadea9fca978b02aa2be5557d71"}
,"/home/matthieu/Dev/React/Project/memory/src/Card.js": {"path":"/home/matthieu/Dev/React/Project/memory/src/Card.js","statementMap":{"0":{"start":{"line":5,"column":22},"end":{"line":5,"column":25}},"1":{"start":{"line":7,"column":13},"end":{"line":13,"column":1}},"2":{"start":{"line":8,"column":2},"end":{"line":12,"column":8}},"3":{"start":{"line":8,"column":51},"end":{"line":8,"column":65}},"4":{"start":{"line":15,"column":0},"end":{"line":25,"column":1}}},"fnMap":{"0":{"name":"(anonymous_0)","decl":{"start":{"line":7,"column":13},"end":{"line":7,"column":14}},"loc":{"start":{"line":8,"column":2},"end":{"line":12,"column":8}},"line":8},"1":{"name":"(anonymous_1)","decl":{"start":{"line":8,"column":47},"end":{"line":8,"column":48}},"loc":{"start":{"line":8,"column":51},"end":{"line":8,"column":65}},"line":8}},"branchMap":{"0":{"loc":{"start":{"line":10,"column":7},"end":{"line":10,"column":51}},"type":"cond-expr","locations":[{"start":{"line":10,"column":31},"end":{"line":10,"column":44}},{"start":{"line":10,"column":47},"end":{"line":10,"column":51}}],"line":10}},"s":{"0":1,"1":1,"2":1,"3":0,"4":1},"f":{"0":1,"1":0},"b":{"0":[1,0]},"_coverageSchema":"1a1c01bbd47fc00a2c39e90264f33305004495a9","hash":"c5efa59d2b628fba8c81ca476befa372b6511fc4"}
,"/home/matthieu/Dev/React/Project/memory/src/GuessCount.js": {"path":"/home/matthieu/Dev/React/Project/memory/src/GuessCount.js","statementMap":{"0":{"start":{"line":6,"column":19},"end":{"line":6,"column":76}},"1":{"start":{"line":6,"column":36},"end":{"line":6,"column":76}},"2":{"start":{"line":8,"column":0},"end":{"line":10,"column":1}}},"fnMap":{"0":{"name":"(anonymous_0)","decl":{"start":{"line":6,"column":19},"end":{"line":6,"column":20}},"loc":{"start":{"line":6,"column":36},"end":{"line":6,"column":76}},"line":6}},"branchMap":{},"s":{"0":1,"1":0,"2":1},"f":{"0":0},"b":{},"_coverageSchema":"1a1c01bbd47fc00a2c39e90264f33305004495a9","hash":"ddbaab142da4e2a5688c2abb67e0a553e90636ee"}
,"/home/matthieu/Dev/React/Project/memory/src/HallOfFame.js": {"path":"/home/matthieu/Dev/React/Project/memory/src/HallOfFame.js","statementMap":{"0":{"start":{"line":6,"column":19},"end":{"line":18,"column":1}},"1":{"start":{"line":7,"column":2},"end":{"line":17,"column":10}},"2":{"start":{"line":10,"column":8},"end":{"line":14,"column":13}},"3":{"start":{"line":20,"column":0},"end":{"line":29,"column":1}},"4":{"start":{"line":35,"column":24},"end":{"line":40,"column":1}},"5":{"start":{"line":42,"column":16},"end":{"line":42,"column":38}},"6":{"start":{"line":43,"column":21},"end":{"line":43,"column":23}},"7":{"start":{"line":46,"column":2},"end":{"line":46,"column":46}},"8":{"start":{"line":47,"column":2},"end":{"line":47,"column":23}},"9":{"start":{"line":49,"column":18},"end":{"line":49,"column":67}},"10":{"start":{"line":50,"column":25},"end":{"line":52,"column":3}},"11":{"start":{"line":51,"column":21},"end":{"line":51,"column":45}},"12":{"start":{"line":54,"column":2},"end":{"line":58,"column":3}},"13":{"start":{"line":55,"column":4},"end":{"line":55,"column":23}},"14":{"start":{"line":57,"column":4},"end":{"line":57,"column":44}},"15":{"start":{"line":59,"column":2},"end":{"line":61,"column":3}},"16":{"start":{"line":60,"column":4},"end":{"line":60,"column":48}},"17":{"start":{"line":63,"column":2},"end":{"line":63,"column":56}},"18":{"start":{"line":64,"column":2},"end":{"line":64,"column":19}}},"fnMap":{"0":{"name":"(anonymous_0)","decl":{"start":{"line":6,"column":19},"end":{"line":6,"column":20}},"loc":{"start":{"line":7,"column":2},"end":{"line":17,"column":10}},"line":7},"1":{"name":"(anonymous_1)","decl":{"start":{"line":9,"column":19},"end":{"line":9,"column":20}},"loc":{"start":{"line":10,"column":8},"end":{"line":14,"column":13}},"line":10},"2":{"name":"saveHOFEntry","decl":{"start":{"line":45,"column":16},"end":{"line":45,"column":28}},"loc":{"start":{"line":45,"column":46},"end":{"line":65,"column":1}},"line":45},"3":{"name":"(anonymous_3)","decl":{"start":{"line":51,"column":4},"end":{"line":51,"column":5}},"loc":{"start":{"line":51,"column":21},"end":{"line":51,"column":45}},"line":51}},"branchMap":{"0":{"loc":{"start":{"line":49,"column":29},"end":{"line":49,"column":66}},"type":"binary-expr","locations":[{"start":{"line":49,"column":29},"end":{"line":49,"column":58}},{"start":{"line":49,"column":62},"end":{"line":49,"column":66}}],"line":49},"1":{"loc":{"start":{"line":54,"column":2},"end":{"line":58,"column":3}},"type":"if","locations":[{"start":{"line":54,"column":2},"end":{"line":58,"column":3}},{"start":{"line":54,"column":2},"end":{"line":58,"column":3}}],"line":54},"2":{"loc":{"start":{"line":59,"column":2},"end":{"line":61,"column":3}},"type":"if","locations":[{"start":{"line":59,"column":2},"end":{"line":61,"column":3}},{"start":{"line":59,"column":2},"end":{"line":61,"column":3}}],"line":59}},"s":{"0":1,"1":0,"2":0,"3":1,"4":1,"5":1,"6":1,"7":0,"8":0,"9":0,"10":0,"11":0,"12":0,"13":0,"14":0,"15":0,"16":0,"17":0,"18":0},"f":{"0":0,"1":0,"2":0,"3":0},"b":{"0":[0,0],"1":[0,0],"2":[0,0]},"_coverageSchema":"1a1c01bbd47fc00a2c39e90264f33305004495a9","hash":"a3d1913fab27ddbb71ad2dff5cc12440b3887fa3"}
,"/home/matthieu/Dev/React/Project/memory/src/HighScoreInput.js": {"path":"/home/matthieu/Dev/React/Project/memory/src/HighScoreInput.js","statementMap":{"0":{"start":{"line":11,"column":10},"end":{"line":11,"column":23}},"1":{"start":{"line":13,"column":23},"end":{"line":15,"column":1}},"2":{"start":{"line":14,"column":2},"end":{"line":14,"column":61}},"3":{"start":{"line":17,"column":16},"end":{"line":21,"column":1}},"4":{"start":{"line":18,"column":2},"end":{"line":18,"column":24}},"5":{"start":{"line":19,"column":19},"end":{"line":19,"column":77}},"6":{"start":{"line":20,"column":2},"end":{"line":20,"column":45}},"7":{"start":{"line":24,"column":4},"end":{"line":34,"column":5}},"8":{"start":{"line":38,"column":0},"end":{"line":41,"column":1}}},"fnMap":{"0":{"name":"(anonymous_0)","decl":{"start":{"line":13,"column":23},"end":{"line":13,"column":24}},"loc":{"start":{"line":13,"column":34},"end":{"line":15,"column":1}},"line":13},"1":{"name":"(anonymous_1)","decl":{"start":{"line":17,"column":16},"end":{"line":17,"column":17}},"loc":{"start":{"line":17,"column":27},"end":{"line":21,"column":1}},"line":17},"2":{"name":"(anonymous_2)","decl":{"start":{"line":23,"column":2},"end":{"line":23,"column":3}},"loc":{"start":{"line":23,"column":11},"end":{"line":35,"column":3}},"line":23}},"branchMap":{},"s":{"0":0,"1":0,"2":0,"3":0,"4":0,"5":0,"6":0,"7":0,"8":1},"f":{"0":0,"1":0,"2":0},"b":{},"_coverageSchema":"1a1c01bbd47fc00a2c39e90264f33305004495a9","hash":"e572287c61bf71e9d3a0a1bed81e8fd1226b51fa"}
,"/home/matthieu/Dev/React/Project/memory/src/index.js": {"path":"/home/matthieu/Dev/React/Project/memory/src/index.js","statementMap":{"0":{"start":{"line":12,"column":22},"end":{"line":12,"column":35}},"1":{"start":{"line":14,"column":0},"end":{"line":19,"column":2}},"2":{"start":{"line":24,"column":0},"end":{"line":24,"column":18}}},"fnMap":{},"branchMap":{},"s":{"0":0,"1":0,"2":0},"f":{},"b":{}}
,"/home/matthieu/Dev/React/Project/memory/src/reportWebVitals.js": {"path":"/home/matthieu/Dev/React/Project/memory/src/reportWebVitals.js","statementMap":{"0":{"start":{"line":1,"column":24},"end":{"line":11,"column":1}},"1":{"start":{"line":2,"column":2},"end":{"line":10,"column":3}},"2":{"start":{"line":3,"column":4},"end":{"line":9,"column":7}},"3":{"start":{"line":4,"column":6},"end":{"line":4,"column":26}},"4":{"start":{"line":5,"column":6},"end":{"line":5,"column":26}},"5":{"start":{"line":6,"column":6},"end":{"line":6,"column":26}},"6":{"start":{"line":7,"column":6},"end":{"line":7,"column":26}},"7":{"start":{"line":8,"column":6},"end":{"line":8,"column":27}}},"fnMap":{"0":{"name":"(anonymous_0)","decl":{"start":{"line":1,"column":24},"end":{"line":1,"column":25}},"loc":{"start":{"line":1,"column":39},"end":{"line":11,"column":1}},"line":1},"1":{"name":"(anonymous_1)","decl":{"start":{"line":3,"column":30},"end":{"line":3,"column":31}},"loc":{"start":{"line":3,"column":79},"end":{"line":9,"column":5}},"line":3}},"branchMap":{"0":{"loc":{"start":{"line":2,"column":2},"end":{"line":10,"column":3}},"type":"if","locations":[{"start":{"line":2,"column":2},"end":{"line":10,"column":3}},{"start":{"line":2,"column":2},"end":{"line":10,"column":3}}],"line":2},"1":{"loc":{"start":{"line":2,"column":6},"end":{"line":2,"column":52}},"type":"binary-expr","locations":[{"start":{"line":2,"column":6},"end":{"line":2,"column":17}},{"start":{"line":2,"column":21},"end":{"line":2,"column":52}}],"line":2}},"s":{"0":0,"1":0,"2":0,"3":0,"4":0,"5":0,"6":0,"7":0},"f":{"0":0,"1":0},"b":{"0":[0,0],"1":[0,0]}}
}
