TN:
SF:src/App.js
FN:23,(anonymous_0)
FN:27,(anonymous_1)
FN:37,(anonymous_2)
FN:40,(anonymous_3)
FN:55,(anonymous_4)
FN:66,(anonymous_5)
FN:86,(anonymous_6)
FN:92,(anonymous_7)
FNF:8
FNH:4
FNDA:0,(anonymous_0)
FNDA:0,(anonymous_1)
FNDA:0,(anonymous_2)
FNDA:36,(anonymous_3)
FNDA:1,(anonymous_4)
FNDA:0,(anonymous_5)
FNDA:1,(anonymous_6)
FNDA:36,(anonymous_7)
DA:9,1
DA:10,1
DA:11,1
DA:15,1
DA:23,1
DA:24,0
DA:28,0
DA:30,0
DA:31,0
DA:32,0
DA:33,0
DA:34,0
DA:35,0
DA:37,0
DA:41,36
DA:42,36
DA:44,36
DA:45,36
DA:48,0
DA:49,0
DA:52,0
DA:56,1
DA:57,1
DA:58,1
DA:59,1
DA:60,18
DA:61,18
DA:63,1
DA:66,1
DA:67,0
DA:69,0
DA:70,0
DA:73,0
DA:74,0
DA:75,0
DA:78,0
DA:87,1
DA:88,1
DA:89,1
DA:93,36
LF:40
LH:21
BRDA:34,0,0,0
BRDA:34,0,1,0
BRDA:44,1,0,36
BRDA:44,1,1,0
BRDA:45,2,0,0
BRDA:45,2,1,36
BRDA:45,3,0,36
BRDA:45,3,1,36
BRDA:48,4,0,0
BRDA:48,4,1,0
BRDA:49,5,0,0
BRDA:49,5,1,0
BRDA:52,6,0,0
BRDA:52,6,1,0
BRDA:69,7,0,0
BRDA:69,7,1,0
BRDA:73,8,0,0
BRDA:73,8,1,0
BRDA:102,9,0,1
BRDA:102,9,1,0
BRDA:103,10,0,0
BRDA:103,10,1,0
BRF:22
BRH:5
end_of_record
TN:
SF:src/Card.js
FN:7,(anonymous_0)
FN:8,(anonymous_1)
FNF:2
FNH:1
FNDA:1,(anonymous_0)
FNDA:0,(anonymous_1)
DA:5,1
DA:7,1
DA:8,1
DA:15,1
LF:4
LH:4
BRDA:10,0,0,1
BRDA:10,0,1,0
BRF:2
BRH:1
end_of_record
TN:
SF:src/GuessCount.js
FN:6,(anonymous_0)
FNF:1
FNH:0
FNDA:0,(anonymous_0)
DA:6,1
DA:8,1
LF:2
LH:2
BRF:0
BRH:0
end_of_record
TN:
SF:src/HallOfFame.js
FN:6,(anonymous_0)
FN:9,(anonymous_1)
FN:45,saveHOFEntry
FN:51,(anonymous_3)
FNF:4
FNH:0
FNDA:0,(anonymous_0)
FNDA:0,(anonymous_1)
FNDA:0,saveHOFEntry
FNDA:0,(anonymous_3)
DA:6,1
DA:7,0
DA:10,0
DA:20,1
DA:35,1
DA:42,1
DA:43,1
DA:46,0
DA:47,0
DA:49,0
DA:50,0
DA:51,0
DA:54,0
DA:55,0
DA:57,0
DA:59,0
DA:60,0
DA:63,0
DA:64,0
LF:19
LH:5
BRDA:49,0,0,0
BRDA:49,0,1,0
BRDA:54,1,0,0
BRDA:54,1,1,0
BRDA:59,2,0,0
BRDA:59,2,1,0
BRF:6
BRH:0
end_of_record
TN:
SF:src/HighScoreInput.js
FN:13,(anonymous_0)
FN:17,(anonymous_1)
FN:23,(anonymous_2)
FNF:3
FNH:0
FNDA:0,(anonymous_0)
FNDA:0,(anonymous_1)
FNDA:0,(anonymous_2)
DA:11,0
DA:13,0
DA:14,0
DA:17,0
DA:18,0
DA:19,0
DA:20,0
DA:24,0
DA:38,1
LF:9
LH:1
BRF:0
BRH:0
end_of_record
TN:
SF:src/index.js
FNF:0
FNH:0
DA:12,0
DA:14,0
DA:24,0
LF:3
LH:0
BRF:0
BRH:0
end_of_record
TN:
SF:src/reportWebVitals.js
FN:1,(anonymous_0)
FN:3,(anonymous_1)
FNF:2
FNH:0
FNDA:0,(anonymous_0)
FNDA:0,(anonymous_1)
DA:1,0
DA:2,0
DA:3,0
DA:4,0
DA:5,0
DA:6,0
DA:7,0
DA:8,0
LF:8
LH:0
BRDA:2,0,0,0
BRDA:2,0,1,0
BRDA:2,1,0,0
BRDA:2,1,1,0
BRF:4
BRH:0
end_of_record
